<?xml version="1.0" encoding="UTF-8"?>
<!-- Generated by org.testng.reporters.JUnitReportReporter -->
<testsuite hostname="LAPTOP-3BF1R8I0" failures="0" tests="11" name="homework.ch11_13.AtomicComponentTest" time="0.002" errors="0" timestamp="21 4月 2026 13:19:14 GMT" skipped="0">
  <testcase classname="homework.ch11_13.AtomicComponentTest" name="testCalcPrice" time="0.000"/>
  <testcase classname="homework.ch11_13.AtomicComponentTest" name="testSetPrice" time="0.000"/>
  <testcase classname="homework.ch11_13.AtomicComponentTest" name="testTestToString" time="0.001"/>
  <testcase classname="homework.ch11_13.AtomicComponentTest" name="testAdd" time="0.000"/>
  <testcase classname="homework.ch11_13.AtomicComponentTest" name="testSetName" time="0.000"/>
  <testcase classname="homework.ch11_13.AtomicComponentTest" name="testIterator" time="0.000"/>
  <testcase classname="homework.ch11_13.AtomicComponentTest" name="testRemove" time="0.000"/>
  <testcase classname="homework.ch11_13.AtomicComponentTest" name="testGetPrice" time="0.001"/>
  <testcase classname="homework.ch11_13.AtomicComponentTest" name="testGetName" time="0.000"/>
  <testcase classname="homework.ch11_13.AtomicComponentTest" name="testSetId" time="0.000"/>
  <testcase classname="homework.ch11_13.AtomicComponentTest" name="testGetId" time="0.000"/>
</testsuite> <!-- homework.ch11_13.AtomicComponentTest -->
