<?xml version="1.0" encoding="UTF-8"?>
<!-- Generated by org.testng.reporters.JUnitReportReporter -->
<testsuite hostname="LAPTOP-3BF1R8I0" failures="0" tests="7" name="homework.ch11_13.PersonTest" time="0.015" errors="0" timestamp="16 4月 2026 13:43:30 GMT" skipped="0">
  <testcase classname="homework.ch11_13.PersonTest" name="testTestClone" time="0.000"/>
  <testcase classname="homework.ch11_13.PersonTest" name="testTestEquals" time="0.000"/>
  <testcase classname="homework.ch11_13.PersonTest" name="testTestToString" time="0.007"/>
  <testcase classname="homework.ch11_13.PersonTest" name="testGetAge" time="0.000"/>
  <testcase classname="homework.ch11_13.PersonTest" name="testSetName" time="0.000"/>
  <testcase classname="homework.ch11_13.PersonTest" name="testGetName" time="0.008"/>
  <testcase classname="homework.ch11_13.PersonTest" name="testSetAge" time="0.000"/>
</testsuite> <!-- homework.ch11_13.PersonTest -->
