Start testing: Oct 20 17:17 中国标准时间
----------------------------------------------------------
1/1 Testing: helloTest
1/1 Test: helloTest
Command: "C:/Users/Owner/code/project/C++Course/task _1/build/tests/helloTest.exe"
Directory: C:/Users/Owner/code/project/C++Course/task _1/build/tests
"helloTest" start time: Oct 20 17:17 中国标准时间
Output:
----------------------------------------------------------
[==========] Running 1 test from 1 test suite.
[----------] Global test environment set-up.
[----------] 1 test from Hello
[ RUN      ] Hello.should_get_world
[       OK ] Hello.should_get_world (0 ms)
[----------] 1 test from Hello (0 ms total)

[----------] Global test environment tear-down
[==========] 1 test from 1 test suite ran. (0 ms total)
[  PASSED  ] 1 test.
<end of output>
Test time =   0.34 sec
----------------------------------------------------------
Test Passed.
"helloTest" end time: Oct 20 17:17 中国标准时间
"helloTest" time elapsed: 00:00:00
----------------------------------------------------------

End testing: Oct 20 17:17 中国标准时间
