<?xml version="1.0" encoding="UTF-8"?>
<testng-results ignored="0" total="51" passed="51" failed="0" skipped="0">
  <reporter-output>
  </reporter-output>
  <suite started-at="2026-04-16T13:43:30Z" name="All Test Suite" finished-at="2026-04-16T13:43:30Z" duration-ms="0">
    <groups>
    </groups>
  </suite> <!-- All Test Suite -->
  <suite started-at="2026-04-16T13:43:29Z" name="All Test Suite (0)" finished-at="2026-04-16T13:43:30Z" duration-ms="214">
    <groups>
    </groups>
    <test started-at="2026-04-16T13:43:29Z" name="D:/IdeaWorkspace/TestNGDemo/test/homework/ch11_13/PersonTest.java" finished-at="2026-04-16T13:43:29Z" duration-ms="47">
      <class name="homework.ch11_13.PersonTest">
        <test-method signature="testGetName()[pri:0, instance:homework.ch11_13.PersonTest@262b2c86]" started-at="2026-04-16T13:43:29Z" name="testGetName" finished-at="2026-04-16T13:43:29Z" duration-ms="8" status="PASS">
          <reporter-output>
          </reporter-output>
        </test-method> <!-- testGetName -->
        <test-method signature="testSetName()[pri:0, instance:homework.ch11_13.PersonTest@262b2c86]" started-at="2026-04-16T13:43:29Z" name="testSetName" finished-at="2026-04-16T13:43:29Z" duration-ms="0" status="PASS">
          <reporter-output>
          </reporter-output>
        </test-method> <!-- testSetName -->
        <test-method signature="testTestToString()[pri:0, instance:homework.ch11_13.PersonTest@262b2c86]" started-at="2026-04-16T13:43:29Z" name="testTestToString" finished-at="2026-04-16T13:43:29Z" duration-ms="7" status="PASS">
          <reporter-output>
          </reporter-output>
        </test-method> <!-- testTestToString -->
        <test-method signature="testGetAge()[pri:0, instance:homework.ch11_13.PersonTest@262b2c86]" started-at="2026-04-16T13:43:29Z" name="testGetAge" finished-at="2026-04-16T13:43:29Z" duration-ms="0" status="PASS">
          <reporter-output>
          </reporter-output>
        </test-method> <!-- testGetAge -->
        <test-method signature="testSetAge()[pri:0, instance:homework.ch11_13.PersonTest@262b2c86]" started-at="2026-04-16T13:43:29Z" name="testSetAge" finished-at="2026-04-16T13:43:29Z" duration-ms="0" status="PASS">
          <reporter-output>
          </reporter-output>
        </test-method> <!-- testSetAge -->
        <test-method signature="testTestClone()[pri:0, instance:homework.ch11_13.PersonTest@262b2c86]" started-at="2026-04-16T13:43:29Z" name="testTestClone" finished-at="2026-04-16T13:43:29Z" duration-ms="0" status="PASS">
          <reporter-output>
          </reporter-output>
        </test-method> <!-- testTestClone -->
        <test-method signature="testTestEquals()[pri:0, instance:homework.ch11_13.PersonTest@262b2c86]" started-at="2026-04-16T13:43:29Z" name="testTestEquals" finished-at="2026-04-16T13:43:29Z" duration-ms="0" status="PASS">
          <reporter-output>
          </reporter-output>
        </test-method> <!-- testTestEquals -->
      </class> <!-- homework.ch11_13.PersonTest -->
    </test> <!-- D:/IdeaWorkspace/TestNGDemo/test/homework/ch11_13/PersonTest.java -->
    <test started-at="2026-04-16T13:43:30Z" name="D:/IdeaWorkspace/TestNGDemo/test/homework/ch11_13/StudentTest.java" finished-at="2026-04-16T13:43:30Z" duration-ms="25">
      <class name="homework.ch11_13.StudentTest">
        <test-method signature="testSetDepartment(homework.ch11_13.p3.Student, java.lang.String)[pri:0, instance:homework.ch11_13.StudentTest@13eb8acf]" started-at="2026-04-16T13:43:30Z" name="testSetDepartment" data-provider="studentDataProvider" finished-at="2026-04-16T13:43:30Z" duration-ms="0" status="PASS">
          <params>
            <param index="0">
              <value>
                <![CDATA[name: null, age: 0 , studentId: 0, department: null, classNo: null]]>
              </value>
            </param>
            <param index="1">
              <value>
                <![CDATA[EE]]>
              </value>
            </param>
          </params>
          <reporter-output>
          </reporter-output>
        </test-method> <!-- testSetDepartment -->
        <test-method signature="testGetStudentId(homework.ch11_13.p3.Student, int)[pri:0, instance:homework.ch11_13.StudentTest@13eb8acf]" started-at="2026-04-16T13:43:30Z" name="testGetStudentId" data-provider="studentDataProvider" finished-at="2026-04-16T13:43:30Z" duration-ms="0" status="PASS">
          <params>
            <param index="0">
              <value>
                <![CDATA[name: aaa, age: 20 , studentId: 20170101, department: CS, classNo: CS1704]]>
              </value>
            </param>
            <param index="1">
              <value>
                <![CDATA[20170101]]>
              </value>
            </param>
          </params>
          <reporter-output>
          </reporter-output>
        </test-method> <!-- testGetStudentId -->
        <test-method signature="testGetClassNo(homework.ch11_13.p3.Student, java.lang.String)[pri:0, instance:homework.ch11_13.StudentTest@13eb8acf]" started-at="2026-04-16T13:43:30Z" name="testGetClassNo" data-provider="studentDataProvider" finished-at="2026-04-16T13:43:30Z" duration-ms="0" status="PASS">
          <params>
            <param index="0">
              <value>
                <![CDATA[name: aaa, age: 20 , studentId: 20170101, department: CS, classNo: CS1704]]>
              </value>
            </param>
            <param index="1">
              <value>
                <![CDATA[CS1704]]>
              </value>
            </param>
          </params>
          <reporter-output>
          </reporter-output>
        </test-method> <!-- testGetClassNo -->
        <test-method signature="testGetDepartment(homework.ch11_13.p3.Student, java.lang.String)[pri:0, instance:homework.ch11_13.StudentTest@13eb8acf]" started-at="2026-04-16T13:43:30Z" name="testGetDepartment" data-provider="studentDataProvider" finished-at="2026-04-16T13:43:30Z" duration-ms="0" status="PASS">
          <params>
            <param index="0">
              <value>
                <![CDATA[name: aaa, age: 20 , studentId: 20170101, department: CS, classNo: CS1704]]>
              </value>
            </param>
            <param index="1">
              <value>
                <![CDATA[CS]]>
              </value>
            </param>
          </params>
          <reporter-output>
          </reporter-output>
        </test-method> <!-- testGetDepartment -->
        <test-method signature="testSetStudentId(homework.ch11_13.p3.Student, int)[pri:0, instance:homework.ch11_13.StudentTest@13eb8acf]" started-at="2026-04-16T13:43:30Z" name="testSetStudentId" data-provider="studentDataProvider" finished-at="2026-04-16T13:43:30Z" duration-ms="0" status="PASS">
          <params>
            <param index="0">
              <value>
                <![CDATA[name: null, age: 0 , studentId: 0, department: null, classNo: null]]>
              </value>
            </param>
            <param index="1">
              <value>
                <![CDATA[20170102]]>
              </value>
            </param>
          </params>
          <reporter-output>
          </reporter-output>
        </test-method> <!-- testSetStudentId -->
        <test-method signature="testSetClassNo(homework.ch11_13.p3.Student, java.lang.String)[pri:0, instance:homework.ch11_13.StudentTest@13eb8acf]" started-at="2026-04-16T13:43:30Z" name="testSetClassNo" data-provider="studentDataProvider" finished-at="2026-04-16T13:43:30Z" duration-ms="1" status="PASS">
          <params>
            <param index="0">
              <value>
                <![CDATA[name: null, age: 0 , studentId: 0, department: null, classNo: null]]>
              </value>
            </param>
            <param index="1">
              <value>
                <![CDATA[CS1704]]>
              </value>
            </param>
          </params>
          <reporter-output>
          </reporter-output>
        </test-method> <!-- testSetClassNo -->
        <test-method signature="testTestToString(homework.ch11_13.p3.Student, [Ljava.lang.Object;)[pri:0, instance:homework.ch11_13.StudentTest@13eb8acf]" started-at="2026-04-16T13:43:30Z" name="testTestToString" data-provider="studentDataProvider" finished-at="2026-04-16T13:43:30Z" duration-ms="10" status="PASS">
          <params>
            <param index="0">
              <value>
                <![CDATA[name: aaa, age: 20 , studentId: 20170101, department: CS, classNo: CS1704]]>
              </value>
            </param>
            <param index="1">
              <value>
                <![CDATA[[Ljava.lang.Object;@23282c25]]>
              </value>
            </param>
          </params>
          <reporter-output>
          </reporter-output>
        </test-method> <!-- testTestToString -->
        <test-method signature="testTestEquals([Lhomework.ch11_13.p3.Student;, boolean)[pri:0, instance:homework.ch11_13.StudentTest@13eb8acf]" started-at="2026-04-16T13:43:30Z" name="testTestEquals" data-provider="studentDataProvider" finished-at="2026-04-16T13:43:30Z" duration-ms="0" status="PASS">
          <params>
            <param index="0">
              <value>
                <![CDATA[[Lhomework.ch11_13.p3.Student;@4b168fa9]]>
              </value>
            </param>
            <param index="1">
              <value>
                <![CDATA[false]]>
              </value>
            </param>
          </params>
          <reporter-output>
          </reporter-output>
        </test-method> <!-- testTestEquals -->
        <test-method signature="testTestEquals([Lhomework.ch11_13.p3.Student;, boolean)[pri:0, instance:homework.ch11_13.StudentTest@13eb8acf]" started-at="2026-04-16T13:43:30Z" name="testTestEquals" data-provider="studentDataProvider" finished-at="2026-04-16T13:43:30Z" duration-ms="0" status="PASS">
          <params>
            <param index="0">
              <value>
                <![CDATA[[Lhomework.ch11_13.p3.Student;@358c99f5]]>
              </value>
            </param>
            <param index="1">
              <value>
                <![CDATA[true]]>
              </value>
            </param>
          </params>
          <reporter-output>
          </reporter-output>
        </test-method> <!-- testTestEquals -->
        <test-method signature="testTestEquals([Lhomework.ch11_13.p3.Student;, boolean)[pri:0, instance:homework.ch11_13.StudentTest@13eb8acf]" started-at="2026-04-16T13:43:30Z" name="testTestEquals" data-provider="studentDataProvider" finished-at="2026-04-16T13:43:30Z" duration-ms="0" status="PASS">
          <params>
            <param index="0">
              <value>
                <![CDATA[[Lhomework.ch11_13.p3.Student;@48524010]]>
              </value>
            </param>
            <param index="1">
              <value>
                <![CDATA[false]]>
              </value>
            </param>
          </params>
          <reporter-output>
          </reporter-output>
        </test-method> <!-- testTestEquals -->
        <test-method signature="testTestEquals([Lhomework.ch11_13.p3.Student;, boolean)[pri:0, instance:homework.ch11_13.StudentTest@13eb8acf]" started-at="2026-04-16T13:43:30Z" name="testTestEquals" data-provider="studentDataProvider" finished-at="2026-04-16T13:43:30Z" duration-ms="0" status="PASS">
          <params>
            <param index="0">
              <value>
                <![CDATA[[Lhomework.ch11_13.p3.Student;@3ee0fea4]]>
              </value>
            </param>
            <param index="1">
              <value>
                <![CDATA[false]]>
              </value>
            </param>
          </params>
          <reporter-output>
          </reporter-output>
        </test-method> <!-- testTestEquals -->
        <test-method signature="testTestEquals([Lhomework.ch11_13.p3.Student;, boolean)[pri:0, instance:homework.ch11_13.StudentTest@13eb8acf]" started-at="2026-04-16T13:43:30Z" name="testTestEquals" data-provider="studentDataProvider" finished-at="2026-04-16T13:43:30Z" duration-ms="0" status="PASS">
          <params>
            <param index="0">
              <value>
                <![CDATA[[Lhomework.ch11_13.p3.Student;@53ca01a2]]>
              </value>
            </param>
            <param index="1">
              <value>
                <![CDATA[false]]>
              </value>
            </param>
          </params>
          <reporter-output>
          </reporter-output>
        </test-method> <!-- testTestEquals -->
        <test-method signature="testTestEquals([Lhomework.ch11_13.p3.Student;, boolean)[pri:0, instance:homework.ch11_13.StudentTest@13eb8acf]" started-at="2026-04-16T13:43:30Z" name="testTestEquals" data-provider="studentDataProvider" finished-at="2026-04-16T13:43:30Z" duration-ms="0" status="PASS">
          <params>
            <param index="0">
              <value>
                <![CDATA[[Lhomework.ch11_13.p3.Student;@14ec4505]]>
              </value>
            </param>
            <param index="1">
              <value>
                <![CDATA[true]]>
              </value>
            </param>
          </params>
          <reporter-output>
          </reporter-output>
        </test-method> <!-- testTestEquals -->
        <test-method signature="testTestEquals([Lhomework.ch11_13.p3.Student;, boolean)[pri:0, instance:homework.ch11_13.StudentTest@13eb8acf]" started-at="2026-04-16T13:43:30Z" name="testTestEquals" data-provider="studentDataProvider" finished-at="2026-04-16T13:43:30Z" duration-ms="0" status="PASS">
          <params>
            <param index="0">
              <value>
                <![CDATA[[Lhomework.ch11_13.p3.Student;@1a84f40f]]>
              </value>
            </param>
            <param index="1">
              <value>
                <![CDATA[false]]>
              </value>
            </param>
          </params>
          <reporter-output>
          </reporter-output>
        </test-method> <!-- testTestEquals -->
        <test-method signature="testTestClone(homework.ch11_13.p3.Student, java.lang.Object)[pri:0, instance:homework.ch11_13.StudentTest@13eb8acf]" started-at="2026-04-16T13:43:30Z" name="testTestClone" data-provider="studentDataProvider" finished-at="2026-04-16T13:43:30Z" duration-ms="0" status="PASS">
          <params>
            <param index="0">
              <value>
                <![CDATA[name: aaa, age: 20 , studentId: 20170101, department: CS, classNo: CS1704]]>
              </value>
            </param>
            <param index="1">
              <value is-null="true"/>
            </param>
          </params>
          <reporter-output>
          </reporter-output>
        </test-method> <!-- testTestClone -->
      </class> <!-- homework.ch11_13.StudentTest -->
    </test> <!-- D:/IdeaWorkspace/TestNGDemo/test/homework/ch11_13/StudentTest.java -->
    <test started-at="2026-04-16T13:43:30Z" name="D:/IdeaWorkspace/TestNGDemo/test/homework/ch11_13/FacultyTest.java" finished-at="2026-04-16T13:43:30Z" duration-ms="6">
      <class name="homework.ch11_13.FacultyTest">
        <test-method signature="testTestEquals([Lhomework.ch11_13.p3.Faculty;, boolean)[pri:0, instance:homework.ch11_13.FacultyTest@a74868d]" started-at="2026-04-16T13:43:30Z" name="testTestEquals" data-provider="facultyDataProvider" finished-at="2026-04-16T13:43:30Z" duration-ms="0" status="PASS">
          <params>
            <param index="0">
              <value>
                <![CDATA[[Lhomework.ch11_13.p3.Faculty;@5c1a8622]]>
              </value>
            </param>
            <param index="1">
              <value>
                <![CDATA[false]]>
              </value>
            </param>
          </params>
          <reporter-output>
          </reporter-output>
        </test-method> <!-- testTestEquals -->
        <test-method signature="testSetFacultyId(homework.ch11_13.p3.Faculty, int)[pri:0, instance:homework.ch11_13.FacultyTest@a74868d]" started-at="2026-04-16T13:43:30Z" name="testSetFacultyId" data-provider="facultyDataProvider" finished-at="2026-04-16T13:43:30Z" duration-ms="0" status="PASS">
          <params>
            <param index="0">
              <value>
                <![CDATA[name: null, age: 0 facultyId: 0title: nullemail: null
]]>
              </value>
            </param>
            <param index="1">
              <value>
                <![CDATA[1998000112]]>
              </value>
            </param>
          </params>
          <reporter-output>
          </reporter-output>
        </test-method> <!-- testSetFacultyId -->
        <test-method signature="testTestEquals([Lhomework.ch11_13.p3.Faculty;, boolean)[pri:0, instance:homework.ch11_13.FacultyTest@a74868d]" started-at="2026-04-16T13:43:30Z" name="testTestEquals" data-provider="facultyDataProvider" finished-at="2026-04-16T13:43:30Z" duration-ms="0" status="PASS">
          <params>
            <param index="0">
              <value>
                <![CDATA[[Lhomework.ch11_13.p3.Faculty;@f2f2cc1]]>
              </value>
            </param>
            <param index="1">
              <value>
                <![CDATA[false]]>
              </value>
            </param>
          </params>
          <reporter-output>
          </reporter-output>
        </test-method> <!-- testTestEquals -->
        <test-method signature="testTestEquals([Lhomework.ch11_13.p3.Faculty;, boolean)[pri:0, instance:homework.ch11_13.FacultyTest@a74868d]" started-at="2026-04-16T13:43:30Z" name="testTestEquals" data-provider="facultyDataProvider" finished-at="2026-04-16T13:43:30Z" duration-ms="0" status="PASS">
          <params>
            <param index="0">
              <value>
                <![CDATA[[Lhomework.ch11_13.p3.Faculty;@2aa5fe93]]>
              </value>
            </param>
            <param index="1">
              <value>
                <![CDATA[false]]>
              </value>
            </param>
          </params>
          <reporter-output>
          </reporter-output>
        </test-method> <!-- testTestEquals -->
        <test-method signature="testTestClone(homework.ch11_13.p3.Faculty, java.lang.Object)[pri:0, instance:homework.ch11_13.FacultyTest@a74868d]" started-at="2026-04-16T13:43:30Z" name="testTestClone" data-provider="facultyDataProvider" finished-at="2026-04-16T13:43:30Z" duration-ms="5" status="PASS">
          <params>
            <param index="0">
              <value>
                <![CDATA[name: aaa, age: 20 facultyId: 1998000111title: Professoremail: abc@qq.com
]]>
              </value>
            </param>
            <param index="1">
              <value is-null="true"/>
            </param>
          </params>
          <reporter-output>
          </reporter-output>
        </test-method> <!-- testTestClone -->
        <test-method signature="testSetEmail(homework.ch11_13.p3.Faculty, java.lang.String)[pri:0, instance:homework.ch11_13.FacultyTest@a74868d]" started-at="2026-04-16T13:43:30Z" name="testSetEmail" data-provider="facultyDataProvider" finished-at="2026-04-16T13:43:30Z" duration-ms="0" status="PASS">
          <params>
            <param index="0">
              <value>
                <![CDATA[name: null, age: 0 facultyId: 0title: nullemail: null
]]>
              </value>
            </param>
            <param index="1">
              <value>
                <![CDATA[123@qq.com]]>
              </value>
            </param>
          </params>
          <reporter-output>
          </reporter-output>
        </test-method> <!-- testSetEmail -->
        <test-method signature="testGetTitle(homework.ch11_13.p3.Faculty, java.lang.String)[pri:0, instance:homework.ch11_13.FacultyTest@a74868d]" started-at="2026-04-16T13:43:30Z" name="testGetTitle" data-provider="facultyDataProvider" finished-at="2026-04-16T13:43:30Z" duration-ms="0" status="PASS">
          <params>
            <param index="0">
              <value>
                <![CDATA[name: aaa, age: 20 facultyId: 1998000111title: Professoremail: abc@qq.com
]]>
              </value>
            </param>
            <param index="1">
              <value>
                <![CDATA[Professor]]>
              </value>
            </param>
          </params>
          <reporter-output>
          </reporter-output>
        </test-method> <!-- testGetTitle -->
        <test-method signature="testTestEquals([Lhomework.ch11_13.p3.Faculty;, boolean)[pri:0, instance:homework.ch11_13.FacultyTest@a74868d]" started-at="2026-04-16T13:43:30Z" name="testTestEquals" data-provider="facultyDataProvider" finished-at="2026-04-16T13:43:30Z" duration-ms="0" status="PASS">
          <params>
            <param index="0">
              <value>
                <![CDATA[[Lhomework.ch11_13.p3.Faculty;@436a4e4b]]>
              </value>
            </param>
            <param index="1">
              <value>
                <![CDATA[true]]>
              </value>
            </param>
          </params>
          <reporter-output>
          </reporter-output>
        </test-method> <!-- testTestEquals -->
        <test-method signature="testGetFacultyId(homework.ch11_13.p3.Faculty, int)[pri:0, instance:homework.ch11_13.FacultyTest@a74868d]" started-at="2026-04-16T13:43:30Z" name="testGetFacultyId" data-provider="facultyDataProvider" finished-at="2026-04-16T13:43:30Z" duration-ms="0" status="PASS">
          <params>
            <param index="0">
              <value>
                <![CDATA[name: aaa, age: 20 facultyId: 1998000111title: Professoremail: abc@qq.com
]]>
              </value>
            </param>
            <param index="1">
              <value>
                <![CDATA[1998000111]]>
              </value>
            </param>
          </params>
          <reporter-output>
          </reporter-output>
        </test-method> <!-- testGetFacultyId -->
        <test-method signature="testSetTitle(homework.ch11_13.p3.Faculty, java.lang.String)[pri:0, instance:homework.ch11_13.FacultyTest@a74868d]" started-at="2026-04-16T13:43:30Z" name="testSetTitle" data-provider="facultyDataProvider" finished-at="2026-04-16T13:43:30Z" duration-ms="0" status="PASS">
          <params>
            <param index="0">
              <value>
                <![CDATA[name: null, age: 0 facultyId: 0title: nullemail: null
]]>
              </value>
            </param>
            <param index="1">
              <value>
                <![CDATA[Lecturer]]>
              </value>
            </param>
          </params>
          <reporter-output>
          </reporter-output>
        </test-method> <!-- testSetTitle -->
        <test-method signature="testTestToString(homework.ch11_13.p3.Faculty, [Ljava.lang.Object;)[pri:0, instance:homework.ch11_13.FacultyTest@a74868d]" started-at="2026-04-16T13:43:30Z" name="testTestToString" data-provider="facultyDataProvider" finished-at="2026-04-16T13:43:30Z" duration-ms="0" status="PASS">
          <params>
            <param index="0">
              <value>
                <![CDATA[name: aaa, age: 20 facultyId: 1998000111title: Professoremail: abc@qq.com
]]>
              </value>
            </param>
            <param index="1">
              <value>
                <![CDATA[[Ljava.lang.Object;@6156496]]>
              </value>
            </param>
          </params>
          <reporter-output>
          </reporter-output>
        </test-method> <!-- testTestToString -->
        <test-method signature="testGetEmail(homework.ch11_13.p3.Faculty, java.lang.String)[pri:0, instance:homework.ch11_13.FacultyTest@a74868d]" started-at="2026-04-16T13:43:30Z" name="testGetEmail" data-provider="facultyDataProvider" finished-at="2026-04-16T13:43:30Z" duration-ms="0" status="PASS">
          <params>
            <param index="0">
              <value>
                <![CDATA[name: aaa, age: 20 facultyId: 1998000111title: Professoremail: abc@qq.com
]]>
              </value>
            </param>
            <param index="1">
              <value>
                <![CDATA[abc@qq.com]]>
              </value>
            </param>
          </params>
          <reporter-output>
          </reporter-output>
        </test-method> <!-- testGetEmail -->
        <test-method signature="testTestEquals([Lhomework.ch11_13.p3.Faculty;, boolean)[pri:0, instance:homework.ch11_13.FacultyTest@a74868d]" started-at="2026-04-16T13:43:30Z" name="testTestEquals" data-provider="facultyDataProvider" finished-at="2026-04-16T13:43:30Z" duration-ms="0" status="PASS">
          <params>
            <param index="0">
              <value>
                <![CDATA[[Lhomework.ch11_13.p3.Faculty;@5ad851c9]]>
              </value>
            </param>
            <param index="1">
              <value>
                <![CDATA[false]]>
              </value>
            </param>
          </params>
          <reporter-output>
          </reporter-output>
        </test-method> <!-- testTestEquals -->
        <test-method signature="testTestEquals([Lhomework.ch11_13.p3.Faculty;, boolean)[pri:0, instance:homework.ch11_13.FacultyTest@a74868d]" started-at="2026-04-16T13:43:30Z" name="testTestEquals" data-provider="facultyDataProvider" finished-at="2026-04-16T13:43:30Z" duration-ms="0" status="PASS">
          <params>
            <param index="0">
              <value>
                <![CDATA[[Lhomework.ch11_13.p3.Faculty;@3b2cf7ab]]>
              </value>
            </param>
            <param index="1">
              <value>
                <![CDATA[false]]>
              </value>
            </param>
          </params>
          <reporter-output>
          </reporter-output>
        </test-method> <!-- testTestEquals -->
        <test-method signature="testTestEquals([Lhomework.ch11_13.p3.Faculty;, boolean)[pri:0, instance:homework.ch11_13.FacultyTest@a74868d]" started-at="2026-04-16T13:43:30Z" name="testTestEquals" data-provider="facultyDataProvider" finished-at="2026-04-16T13:43:30Z" duration-ms="0" status="PASS">
          <params>
            <param index="0">
              <value>
                <![CDATA[[Lhomework.ch11_13.p3.Faculty;@3a079870]]>
              </value>
            </param>
            <param index="1">
              <value>
                <![CDATA[true]]>
              </value>
            </param>
          </params>
          <reporter-output>
          </reporter-output>
        </test-method> <!-- testTestEquals -->
      </class> <!-- homework.ch11_13.FacultyTest -->
    </test> <!-- D:/IdeaWorkspace/TestNGDemo/test/homework/ch11_13/FacultyTest.java -->
    <test started-at="2026-04-16T13:43:30Z" name="D:/IdeaWorkspace/TestNGDemo/test/homework/ch11_13/CourseTest.java" finished-at="2026-04-16T13:43:30Z" duration-ms="9">
      <class name="homework.ch11_13.CourseTest">
        <test-method signature="testRegister(homework.ch11_13.p3.Course, [Lhomework.ch11_13.p3.Person;)[pri:0, instance:homework.ch11_13.CourseTest@401e7803]" started-at="2026-04-16T13:43:30Z" name="testRegister" data-provider="courseDataProvider" finished-at="2026-04-16T13:43:30Z" duration-ms="0" status="PASS">
          <params>
            <param index="0">
              <value>
                <![CDATA[courseName: Java Language Programming
, Teacher Info: name: James Gosling, age: 65 facultyId: 0title: Professoremail: http://nighthacks.com/jag/bio/index.html

, Student List: 
Totally: 0students.
]]>
              </value>
            </param>
            <param index="1">
              <value>
                <![CDATA[[Lhomework.ch11_13.p3.Person;@fdefd3f]]>
              </value>
            </param>
          </params>
          <reporter-output>
          </reporter-output>
        </test-method> <!-- testRegister -->
        <test-method signature="testGetNumberOfStudent(homework.ch11_13.p3.Course, int)[pri:0, instance:homework.ch11_13.CourseTest@401e7803]" started-at="2026-04-16T13:43:30Z" name="testGetNumberOfStudent" data-provider="courseDataProvider" finished-at="2026-04-16T13:43:30Z" duration-ms="0" status="PASS">
          <params>
            <param index="0">
              <value>
                <![CDATA[courseName: Java Language Programming
, Teacher Info: name: James Gosling, age: 65 facultyId: 0title: Professoremail: http://nighthacks.com/jag/bio/index.html

, Student List: 
    name: aaa, age: 20 , studentId: 20170101, department: CS, classNo: CS1704
    name: bbb, age: 20 , studentId: 20170102, department: CS, classNo: CS1705
    name: ccc, age: 20 , studentId: 20170103, department: CS, classNo: CS1706
Totally: 3students.
]]>
              </value>
            </param>
            <param index="1">
              <value>
                <![CDATA[3]]>
              </value>
            </param>
          </params>
          <reporter-output>
          </reporter-output>
        </test-method> <!-- testGetNumberOfStudent -->
        <test-method signature="testUnregister(homework.ch11_13.p3.Course, [Lhomework.ch11_13.p3.Person;)[pri:0, instance:homework.ch11_13.CourseTest@401e7803]" started-at="2026-04-16T13:43:30Z" name="testUnregister" data-provider="courseDataProvider" finished-at="2026-04-16T13:43:30Z" duration-ms="0" status="PASS">
          <params>
            <param index="0">
              <value>
                <![CDATA[courseName: Java Language Programming
, Teacher Info: name: James Gosling, age: 65 facultyId: 0title: Professoremail: http://nighthacks.com/jag/bio/index.html

, Student List: 
    name: aaa, age: 20 , studentId: 20170101, department: CS, classNo: CS1704
    name: bbb, age: 20 , studentId: 20170102, department: CS, classNo: CS1705
    name: ccc, age: 20 , studentId: 20170103, department: CS, classNo: CS1706
Totally: 3students.
]]>
              </value>
            </param>
            <param index="1">
              <value>
                <![CDATA[[Lhomework.ch11_13.p3.Person;@79ca92b9]]>
              </value>
            </param>
          </params>
          <reporter-output>
          </reporter-output>
        </test-method> <!-- testUnregister -->
        <test-method signature="testGetStudents(homework.ch11_13.p3.Course, [Lhomework.ch11_13.p3.Person;)[pri:0, instance:homework.ch11_13.CourseTest@401e7803]" started-at="2026-04-16T13:43:30Z" name="testGetStudents" data-provider="courseDataProvider" finished-at="2026-04-16T13:43:30Z" duration-ms="0" status="PASS">
          <params>
            <param index="0">
              <value>
                <![CDATA[courseName: Java Language Programming
, Teacher Info: name: James Gosling, age: 65 facultyId: 0title: Professoremail: http://nighthacks.com/jag/bio/index.html

, Student List: 
    name: aaa, age: 20 , studentId: 20170101, department: CS, classNo: CS1704
    name: bbb, age: 20 , studentId: 20170102, department: CS, classNo: CS1705
    name: ccc, age: 20 , studentId: 20170103, department: CS, classNo: CS1706
Totally: 3students.
]]>
              </value>
            </param>
            <param index="1">
              <value>
                <![CDATA[[Lhomework.ch11_13.p3.Person;@3bd40a57]]>
              </value>
            </param>
          </params>
          <reporter-output>
          </reporter-output>
        </test-method> <!-- testGetStudents -->
        <test-method signature="testGetCourseName(homework.ch11_13.p3.Course, java.lang.String)[pri:0, instance:homework.ch11_13.CourseTest@401e7803]" started-at="2026-04-16T13:43:30Z" name="testGetCourseName" data-provider="courseDataProvider" finished-at="2026-04-16T13:43:30Z" duration-ms="0" status="PASS">
          <params>
            <param index="0">
              <value>
                <![CDATA[courseName: Java Language Programming
, Teacher Info: name: James Gosling, age: 65 facultyId: 0title: Professoremail: http://nighthacks.com/jag/bio/index.html

, Student List: 
Totally: 0students.
]]>
              </value>
            </param>
            <param index="1">
              <value>
                <![CDATA[Java Language Programming]]>
              </value>
            </param>
          </params>
          <reporter-output>
          </reporter-output>
        </test-method> <!-- testGetCourseName -->
        <test-method signature="testGetTeacher(homework.ch11_13.p3.Course, homework.ch11_13.p3.Person)[pri:0, instance:homework.ch11_13.CourseTest@401e7803]" started-at="2026-04-16T13:43:30Z" name="testGetTeacher" data-provider="courseDataProvider" finished-at="2026-04-16T13:43:30Z" duration-ms="0" status="PASS">
          <params>
            <param index="0">
              <value>
                <![CDATA[courseName: Java Language Programming
, Teacher Info: name: James Gosling, age: 65 facultyId: 0title: Professoremail: http://nighthacks.com/jag/bio/index.html

, Student List: 
Totally: 0students.
]]>
              </value>
            </param>
            <param index="1">
              <value>
                <![CDATA[name: James Gosling, age: 65 facultyId: 0title: Professoremail: http://nighthacks.com/jag/bio/index.html
]]>
              </value>
            </param>
          </params>
          <reporter-output>
          </reporter-output>
        </test-method> <!-- testGetTeacher -->
        <test-method signature="testTestToString(homework.ch11_13.p3.Course, [Ljava.lang.String;)[pri:0, instance:homework.ch11_13.CourseTest@401e7803]" started-at="2026-04-16T13:43:30Z" name="testTestToString" data-provider="courseDataProvider" finished-at="2026-04-16T13:43:30Z" duration-ms="4" status="PASS">
          <params>
            <param index="0">
              <value>
                <![CDATA[courseName: C++ Language Programming
, Teacher Info: name: T1, age: 40 facultyId: 1title: Professoremail: 123@qq.com

, Student List: 
    name: ccc, age: 21 , studentId: 20170103, department: CS1, classNo: CS1705
    name: ddd, age: 22 , studentId: 20170104, department: CS2, classNo: CS1706
Totally: 2students.
]]>
              </value>
            </param>
            <param index="1">
              <value>
                <![CDATA[[Ljava.lang.String;@8909f18]]>
              </value>
            </param>
          </params>
          <reporter-output>
          </reporter-output>
        </test-method> <!-- testTestToString -->
        <test-method signature="testTestClone(homework.ch11_13.p3.Course, java.lang.Object)[pri:0, instance:homework.ch11_13.CourseTest@401e7803]" started-at="2026-04-16T13:43:30Z" name="testTestClone" data-provider="courseDataProvider" finished-at="2026-04-16T13:43:30Z" duration-ms="0" status="PASS">
          <params>
            <param index="0">
              <value>
                <![CDATA[courseName: Java Language Programming
, Teacher Info: name: James Gosling, age: 65 facultyId: 0title: Professoremail: http://nighthacks.com/jag/bio/index.html

, Student List: 
    name: aaa, age: 20 , studentId: 20170101, department: CS, classNo: CS1704
    name: bbb, age: 20 , studentId: 20170102, department: CS, classNo: CS1705
    name: ccc, age: 20 , studentId: 20170103, department: CS, classNo: CS1706
Totally: 3students.
]]>
              </value>
            </param>
            <param index="1">
              <value is-null="true"/>
            </param>
          </params>
          <reporter-output>
          </reporter-output>
        </test-method> <!-- testTestClone -->
        <test-method signature="testTestEquals([Lhomework.ch11_13.p3.Course;, boolean)[pri:0, instance:homework.ch11_13.CourseTest@401e7803]" started-at="2026-04-16T13:43:30Z" name="testTestEquals" data-provider="courseDataProvider" finished-at="2026-04-16T13:43:30Z" duration-ms="0" status="PASS">
          <params>
            <param index="0">
              <value>
                <![CDATA[[Lhomework.ch11_13.p3.Course;@a4102b8]]>
              </value>
            </param>
            <param index="1">
              <value>
                <![CDATA[false]]>
              </value>
            </param>
          </params>
          <reporter-output>
          </reporter-output>
        </test-method> <!-- testTestEquals -->
        <test-method signature="testTestEquals([Lhomework.ch11_13.p3.Course;, boolean)[pri:0, instance:homework.ch11_13.CourseTest@401e7803]" started-at="2026-04-16T13:43:30Z" name="testTestEquals" data-provider="courseDataProvider" finished-at="2026-04-16T13:43:30Z" duration-ms="0" status="PASS">
          <params>
            <param index="0">
              <value>
                <![CDATA[[Lhomework.ch11_13.p3.Course;@69930714]]>
              </value>
            </param>
            <param index="1">
              <value>
                <![CDATA[false]]>
              </value>
            </param>
          </params>
          <reporter-output>
          </reporter-output>
        </test-method> <!-- testTestEquals -->
        <test-method signature="testTestEquals([Lhomework.ch11_13.p3.Course;, boolean)[pri:0, instance:homework.ch11_13.CourseTest@401e7803]" started-at="2026-04-16T13:43:30Z" name="testTestEquals" data-provider="courseDataProvider" finished-at="2026-04-16T13:43:30Z" duration-ms="0" status="PASS">
          <params>
            <param index="0">
              <value>
                <![CDATA[[Lhomework.ch11_13.p3.Course;@d83da2e]]>
              </value>
            </param>
            <param index="1">
              <value>
                <![CDATA[true]]>
              </value>
            </param>
          </params>
          <reporter-output>
          </reporter-output>
        </test-method> <!-- testTestEquals -->
        <test-method signature="testTestEquals([Lhomework.ch11_13.p3.Course;, boolean)[pri:0, instance:homework.ch11_13.CourseTest@401e7803]" started-at="2026-04-16T13:43:30Z" name="testTestEquals" data-provider="courseDataProvider" finished-at="2026-04-16T13:43:30Z" duration-ms="0" status="PASS">
          <params>
            <param index="0">
              <value>
                <![CDATA[[Lhomework.ch11_13.p3.Course;@78047b92]]>
              </value>
            </param>
            <param index="1">
              <value>
                <![CDATA[false]]>
              </value>
            </param>
          </params>
          <reporter-output>
          </reporter-output>
        </test-method> <!-- testTestEquals -->
        <test-method signature="testTestEquals([Lhomework.ch11_13.p3.Course;, boolean)[pri:0, instance:homework.ch11_13.CourseTest@401e7803]" started-at="2026-04-16T13:43:30Z" name="testTestEquals" data-provider="courseDataProvider" finished-at="2026-04-16T13:43:30Z" duration-ms="0" status="PASS">
          <params>
            <param index="0">
              <value>
                <![CDATA[[Lhomework.ch11_13.p3.Course;@11dc3715]]>
              </value>
            </param>
            <param index="1">
              <value>
                <![CDATA[true]]>
              </value>
            </param>
          </params>
          <reporter-output>
          </reporter-output>
        </test-method> <!-- testTestEquals -->
        <test-method signature="testTestEquals([Lhomework.ch11_13.p3.Course;, boolean)[pri:0, instance:homework.ch11_13.CourseTest@401e7803]" started-at="2026-04-16T13:43:30Z" name="testTestEquals" data-provider="courseDataProvider" finished-at="2026-04-16T13:43:30Z" duration-ms="0" status="PASS">
          <params>
            <param index="0">
              <value>
                <![CDATA[[Lhomework.ch11_13.p3.Course;@7a52f2a2]]>
              </value>
            </param>
            <param index="1">
              <value>
                <![CDATA[false]]>
              </value>
            </param>
          </params>
          <reporter-output>
          </reporter-output>
        </test-method> <!-- testTestEquals -->
      </class> <!-- homework.ch11_13.CourseTest -->
    </test> <!-- D:/IdeaWorkspace/TestNGDemo/test/homework/ch11_13/CourseTest.java -->
  </suite> <!-- All Test Suite (0) -->
</testng-results>
